[01:44:58] [ServerMain/INFO]: Environment: Environment[sessionHost=https://sessionserver.mojang.com, servicesHost=https://api.minecraftservices.com, name=PROD]
[01:45:00] [ServerMain/INFO]: Loaded 1290 recipes
[01:45:00] [ServerMain/INFO]: Loaded 1399 advancements
[01:45:00] [Server thread/INFO]: Starting minecraft server version 1.21
[01:45:00] [Server thread/INFO]: Loading properties
[01:45:00] [Server thread/INFO]: Default game type: SURVIVAL
[01:45:00] [Server thread/INFO]: Generating keypair
[01:45:01] [Server thread/INFO]: Starting Minecraft server on *:25565
[01:45:01] [Server thread/INFO]: Using epoll channel type
[01:45:01] [Server thread/WARN]: **** SERVER IS RUNNING IN OFFLINE/INSECURE MODE!
[01:45:01] [Server thread/WARN]: The server will make no attempt to authenticate usernames. Beware.
[01:45:01] [Server thread/WARN]: While this makes the game possible to play without internet access, it also opens up the ability for hackers to connect with any username they choose.
[01:45:01] [Server thread/WARN]: To change this, set "online-mode" to "true" in the server.properties file.
[01:45:01] [Server thread/INFO]: Preparing level "world"
[01:45:03] [Server thread/INFO]: Preparing start region for dimension minecraft:overworld
[01:45:03] [Worker-Main-2/INFO]: Preparing spawn area: 0%
[01:45:04] [Server thread/INFO]: Time elapsed: 464 ms
[01:45:04] [Server thread/INFO]: Done (2.923s)! For help, type "help"
[01:46:02] [Server thread/INFO]: /advancement (grant|revoke)
[01:46:02] [Server thread/INFO]: /attribute <target> <attribute> (get|base|modifier)
[01:46:02] [Server thread/INFO]: /execute (run|if|unless|as|at|store|positioned|rotated|facing|align|anchored|in|summon|on)
[01:46:02] [Server thread/INFO]: /bossbar (add|remove|list|set|get)
[01:46:02] [Server thread/INFO]: /clear [<targets>]
[01:46:02] [Server thread/INFO]: /clone (<begin>|from)
[01:46:02] [Server thread/INFO]: /damage <target> <amount> [<damageType>]
[01:46:02] [Server thread/INFO]: /data (merge|get|remove|modify)
[01:46:02] [Server thread/INFO]: /datapack (enable|disable|list)
[01:46:02] [Server thread/INFO]: /debug (start|stop|function)
[01:46:02] [Server thread/INFO]: /defaultgamemode <gamemode>
[01:46:02] [Server thread/INFO]: /difficulty [peaceful|easy|normal|hard]
[01:46:02] [Server thread/INFO]: /effect (clear|give)
[01:46:02] [Server thread/INFO]: /me <action>
[01:46:02] [Server thread/INFO]: /enchant <targets> <enchantment> [<level>]
[01:46:02] [Server thread/INFO]: /experience (add|set|query)
[01:46:02] [Server thread/INFO]: /xp -> experience
[01:46:02] [Server thread/INFO]: /fill <from> <to> <block> [replace|keep|outline|hollow|destroy]
[01:46:02] [Server thread/INFO]: /fillbiome <from> <to> <biome> [replace]
[01:46:02] [Server thread/INFO]: /forceload (add|remove|query)
[01:46:02] [Server thread/INFO]: /function <name> [<arguments>|with]
[01:46:02] [Server thread/INFO]: /gamemode <gamemode> [<target>]
[01:46:02] [Server thread/INFO]: /gamerule (announceAdvancements|blockExplosionDropDecay|commandBlockOutput|commandModificationBlockLimit|disableElytraMovementCheck|disableRaids|doDaylightCycle|doEntityDrops|doFireTick|doImmediateRespawn|doInsomnia|doLimitedCrafting|doMobLoot|doMobSpawning|doPatrolSpawning|doTileDrops|doTraderSpawning|doVinesSpread|doWardenSpawning|doWeatherCycle|drowningDamage|enderPearlsVanishOnDeath|fallDamage|fireDamage|forgiveDeadPlayers|freezeDamage|globalSoundEvents|keepInventory|lavaSourceConversion|logAdminCommands|maxCommandChainLength|maxCommandForkCount|maxEntityCramming|mobExplosionDropDecay|mobGriefing|naturalRegeneration|playersNetherPortalCreativeDelay|playersNetherPortalDefaultDelay|playersSleepingPercentage|projectilesCanBreakBlocks|randomTickSpeed|reducedDebugInfo|sendCommandFeedback|showDeathMessages|snowAccumulationHeight|spawnChunkRadius|spawnRadius|spectatorsGenerateChunks|tntExplosionDropDecay|universalAnger|waterSourceConversion)
[01:46:02] [Server thread/INFO]: /give <targets> <item> [<count>]
[01:46:02] [Server thread/INFO]: /help [<command>]
[01:46:02] [Server thread/INFO]: /item (replace|modify)
[01:46:02] [Server thread/INFO]: /kick <targets> [<reason>]
[01:46:02] [Server thread/INFO]: /kill [<targets>]
[01:46:02] [Server thread/INFO]: /list [uuids]
[01:46:02] [Server thread/INFO]: /locate (structure|biome|poi)
[01:46:02] [Server thread/INFO]: /loot (replace|insert|give|spawn)
[01:46:02] [Server thread/INFO]: /msg <targets> <message>
[01:46:02] [Server thread/INFO]: /tell -> msg
[01:46:02] [Server thread/INFO]: /w -> msg
[01:46:02] [Server thread/INFO]: /particle <name> [<pos>]
[01:46:02] [Server thread/INFO]: /place (feature|jigsaw|structure|template)
[01:46:02] [Server thread/INFO]: /playsound <sound> [master|music|record|weather|block|hostile|neutral|player|ambient|voice]
[01:46:02] [Server thread/INFO]: /random (value|roll|reset)
[01:46:02] [Server thread/INFO]: /reload
[01:46:02] [Server thread/INFO]: /recipe (give|take)
[01:46:02] [Server thread/INFO]: /return (<value>|fail|run)
[01:46:02] [Server thread/INFO]: /ride <target> (mount|dismount)
[01:46:02] [Server thread/INFO]: /say <message>
[01:46:02] [Server thread/INFO]: /schedule (function|clear)
[01:46:02] [Server thread/INFO]: /scoreboard (objectives|players)
[01:46:02] [Server thread/INFO]: /seed
[01:46:02] [Server thread/INFO]: /setblock <pos> <block> [destroy|keep|replace]
[01:46:02] [Server thread/INFO]: /spawnpoint [<targets>]
[01:46:02] [Server thread/INFO]: /setworldspawn [<pos>]
[01:46:02] [Server thread/INFO]: /spectate [<target>]
[01:46:02] [Server thread/INFO]: /spreadplayers <center> <spreadDistance> <maxRange> (<respectTeams>|under)
[01:46:02] [Server thread/INFO]: /stopsound <targets> [*|master|music|record|weather|block|hostile|neutral|player|ambient|voice]
[01:46:02] [Server thread/INFO]: /summon <entity> [<pos>]
[01:46:02] [Server thread/INFO]: /tag <targets> (add|remove|list)
[01:46:02] [Server thread/INFO]: /team (list|add|remove|empty|join|leave|modify)
[01:46:02] [Server thread/INFO]: /teammsg <message>
[01:46:02] [Server thread/INFO]: /tm -> teammsg
[01:46:02] [Server thread/INFO]: /teleport (<location>|<destination>|<targets>)
[01:46:02] [Server thread/INFO]: /tp -> teleport
[01:46:02] [Server thread/INFO]: /tellraw <targets> <message>
[01:46:02] [Server thread/INFO]: /tick (query|rate|step|sprint|unfreeze|freeze)
[01:46:02] [Server thread/INFO]: /time (set|add|query)
[01:46:02] [Server thread/INFO]: /title <targets> (clear|reset|title|subtitle|actionbar|times)
[01:46:02] [Server thread/INFO]: /trigger <objective> [add|set]
[01:46:02] [Server thread/INFO]: /weather (clear|rain|thunder)
[01:46:02] [Server thread/INFO]: /worldborder (add|set|center|damage|get|warning)
[01:46:02] [Server thread/INFO]: /jfr (start|stop)
[01:46:02] [Server thread/INFO]: /ban-ip <target> [<reason>]
[01:46:02] [Server thread/INFO]: /banlist [ips|players]
[01:46:02] [Server thread/INFO]: /ban <targets> [<reason>]
[01:46:02] [Server thread/INFO]: /deop <targets>
[01:46:02] [Server thread/INFO]: /op <targets>
[01:46:02] [Server thread/INFO]: /pardon <targets>
[01:46:02] [Server thread/INFO]: /pardon-ip <target>
[01:46:02] [Server thread/INFO]: /perf (start|stop)
[01:46:02] [Server thread/INFO]: /save-all [flush]
[01:46:02] [Server thread/INFO]: /save-off
[01:46:02] [Server thread/INFO]: /save-on
[01:46:02] [Server thread/INFO]: /setidletimeout <minutes>
[01:46:02] [Server thread/INFO]: /stop
[01:46:02] [Server thread/INFO]: /transfer <hostname> [<port>]
[01:46:02] [Server thread/INFO]: /whitelist (on|off|list|add|remove|reload)
